<?xml version="1.0" encoding="UTF-8"?>
<!-- Generated by org.testng.reporters.JUnitXMLReporter -->
<testsuite hostname="smylam" ignored="0" name="Default test" tests="3" failures="0" timestamp="23 Mar 2020 21:14:12 GMT" time="0.08" errors="0">
  <testcase name="B1" time="0.015" classname="com.dataprovideTestNG.ClassB"/>
  <testcase name="B2" time="0.003" classname="com.dataprovideTestNG.ClassB"/>
  <testcase name="B3" time="0.002" classname="com.dataprovideTestNG.ClassB"/>
</testsuite> <!-- Default test -->
