<?xml version="1.0" encoding="UTF-8"?>
<testng-results skipped="0" failed="0" ignored="0" total="1" passed="1">
  <reporter-output>
  </reporter-output>
  <suite name="Suite" duration-ms="73" started-at="2020-03-23T21:19:40Z" finished-at="2020-03-23T21:19:40Z">
    <groups>
    </groups>
    <test name="Test" duration-ms="73" started-at="2020-03-23T21:19:40Z" finished-at="2020-03-23T21:19:40Z">
      <class name="com.dataprovideTestNG.ClassA">
        <test-method status="PASS" signature="A1()[pri:1, instance:com.dataprovideTestNG.ClassA@39c0f4a]" name="A1" duration-ms="23" started-at="2020-03-23T21:19:40Z" finished-at="2020-03-23T21:19:40Z">
          <reporter-output>
          </reporter-output>
        </test-method> <!-- A1 -->
      </class> <!-- com.dataprovideTestNG.ClassA -->
    </test> <!-- Test -->
  </suite> <!-- Suite -->
</testng-results>
